ApsimVersion = 7.5
Title = GHWA0401_9-N120 P90
           Date        biomass          yield            esw            lai
   (dd/mm/yyyy)        (kg/ha)        (kg/ha)           (mm)      (m^2/m^2)
     10/10/2003            0.0            0.0         36.488          0.000
     11/10/2003            0.0            0.0         35.767          0.000
     12/10/2003            0.0            0.0         40.645          0.000
     13/10/2003            0.0            0.0         37.955          0.000
     14/10/2003            0.0            0.0         43.686          0.000
     15/10/2003            0.0            0.0         79.063          0.000
     16/10/2003            0.0            0.0         73.742          0.000
     17/10/2003            0.0            0.0         69.581          0.000
     18/10/2003            0.0            0.0         59.602          0.000
     19/10/2003            0.0            0.0         53.129          0.000
     20/10/2003            0.0            0.0         48.734          0.000
     21/10/2003            0.0            0.0         45.128          0.000
     22/10/2003            0.0            0.0         43.369          0.000
     23/10/2003            0.0            0.0         44.750          0.000
     24/10/2003            0.0            0.0         41.852          0.000
     25/10/2003            0.0            0.0         40.611          0.000
     26/10/2003            0.0            0.0         39.900          0.000
     27/10/2003            0.0            0.0         39.483          0.000
     28/10/2003            0.0            0.0         39.231          0.000
     29/10/2003            0.0            0.0         39.068          0.000
     30/10/2003            0.0            0.0         38.977          0.000
     31/10/2003            0.0            0.0         38.879          0.000
     01/11/2003            0.0            0.0         38.791          0.000
     02/11/2003            0.0            0.0         38.708          0.000
     03/11/2003            0.0            0.0         38.627          0.000
     04/11/2003            0.0            0.0         38.548          0.000
     05/11/2003            0.0            0.0         38.469          0.000
     06/11/2003            0.0            0.0         47.440          0.000
     07/11/2003            0.0            0.0         52.131          0.000
     08/11/2003            0.0            0.0         49.027          0.000
     09/11/2003            0.0            0.0         45.276          0.000
     10/11/2003            0.0            0.0         43.294          0.000
     11/11/2003            0.0            0.0         41.590          0.000
     12/11/2003            0.0            0.0         40.360          0.000
     13/11/2003            0.0            0.0         39.698          0.000
     14/11/2003            0.0            0.0         39.332          0.000
     15/11/2003            0.0            0.0         39.117          0.000
     16/11/2003            0.0            0.0         38.974          0.000
     17/11/2003            0.0            0.0         38.866          0.000
     18/11/2003            0.0            0.0         38.773          0.000
     19/11/2003            0.0            0.0         38.688          0.000
     20/11/2003            0.0            0.0         38.607          0.000
     21/11/2003            0.0            0.0         38.527          0.000
     22/11/2003            0.0            0.0         38.449          0.000
     23/11/2003            0.0            0.0         38.371          0.000
     24/11/2003            0.0            0.0         38.294          0.000
     25/11/2003            0.0            0.0         38.217          0.000
     26/11/2003            0.0            0.0         38.141          0.000
     27/11/2003            0.0            0.0         38.065          0.000
     28/11/2003            0.0            0.0         37.990          0.000
     29/11/2003            0.0            0.0         37.915          0.000
     30/11/2003            0.0            0.0         37.841          0.000
     01/12/2003            0.0            0.0         37.767          0.000
     02/12/2003            0.0            0.0         37.693          0.000
     03/12/2003            0.0            0.0         37.620          0.000
     04/12/2003            0.0            0.0         37.547          0.000
     05/12/2003            0.0            0.0         37.475          0.000
     06/12/2003            0.0            0.0         37.403          0.000
     07/12/2003            0.0            0.0         37.331          0.000
     08/12/2003            0.0            0.0         37.260          0.000
     09/12/2003            0.0            0.0         37.190          0.000
     10/12/2003            0.0            0.0         37.119          0.000
     11/12/2003            0.0            0.0         37.049          0.000
     12/12/2003            0.0            0.0         36.979          0.000
     13/12/2003            0.0            0.0         36.910          0.000
     14/12/2003            0.0            0.0         36.841          0.000
     15/12/2003            0.0            0.0         36.773          0.000
     16/12/2003            0.0            0.0         36.704          0.000
     17/12/2003            0.0            0.0         36.636          0.000
     18/12/2003            0.0            0.0         36.569          0.000
     19/12/2003            0.0            0.0         36.502          0.000
     20/12/2003            0.0            0.0         36.435          0.000
     21/12/2003            0.0            0.0         36.368          0.000
     22/12/2003            0.0            0.0         36.302          0.000
     23/12/2003            0.0            0.0         36.236          0.000
     24/12/2003            0.0            0.0         36.171          0.000
     25/12/2003            0.0            0.0         36.105          0.000
     26/12/2003            0.0            0.0         36.040          0.000
     27/12/2003            0.0            0.0         35.976          0.000
     28/12/2003            0.0            0.0         35.911          0.000
     29/12/2003            0.0            0.0         35.847          0.000
     30/12/2003            0.0            0.0         35.784          0.000
     31/12/2003            0.0            0.0         35.720          0.000
     01/01/2004            0.0            0.0         35.657          0.000
     02/01/2004            0.0            0.0         35.594          0.000
     03/01/2004            0.0            0.0         35.531          0.000
     04/01/2004            0.0            0.0         35.469          0.000
     05/01/2004            0.0            0.0         35.407          0.000
     06/01/2004            0.0            0.0         35.345          0.000
     07/01/2004            0.0            0.0         35.284          0.000
     08/01/2004            0.0            0.0         35.223          0.000
     09/01/2004            0.0            0.0         35.162          0.000
     10/01/2004            0.0            0.0         35.101          0.000
     11/01/2004            0.0            0.0         35.041          0.000
     12/01/2004            0.0            0.0         34.981          0.000
     13/01/2004            0.0            0.0         34.921          0.000
     14/01/2004            0.0            0.0         34.861          0.000
     15/01/2004            0.0            0.0         34.802          0.000
     16/01/2004            0.0            0.0         34.743          0.000
     17/01/2004            0.0            0.0         34.684          0.000
     18/01/2004            0.0            0.0         34.625          0.000
     19/01/2004            0.0            0.0         34.567          0.000
     20/01/2004            0.0            0.0         55.141          0.000
     21/01/2004            0.0            0.0         51.071          0.000
     22/01/2004            0.0            0.0         48.452          0.000
     23/01/2004            0.0            0.0         44.116          0.000
     24/01/2004            0.0            0.0         42.268          0.000
     25/01/2004            0.0            0.0         40.850          0.000
     26/01/2004            0.0            0.0         40.017          0.000
     27/01/2004            0.0            0.0         39.533          0.000
     28/01/2004            0.0            0.0         39.249          0.000
     29/01/2004            0.0            0.0         39.069          0.000
     30/01/2004            0.0            0.0         38.943          0.000
     31/01/2004            0.0            0.0         38.841          0.000
     01/02/2004            0.0            0.0         38.752          0.000
     02/02/2004            0.0            0.0         38.668          0.000
     03/02/2004            0.0            0.0         38.588          0.000
     04/02/2004            0.0            0.0         38.508          0.000
     05/02/2004            0.0            0.0         38.430          0.000
     06/02/2004            0.0            0.0         38.353          0.000
     07/02/2004            0.0            0.0         38.276          0.000
     08/02/2004            0.0            0.0         38.199          0.000
     09/02/2004            0.0            0.0         38.123          0.000
     10/02/2004            0.0            0.0         38.047          0.000
     11/02/2004            0.0            0.0         37.972          0.000
     12/02/2004            0.0            0.0         37.898          0.000
     13/02/2004            0.0            0.0         37.823          0.000
     14/02/2004            0.0            0.0         37.749          0.000
     15/02/2004            0.0            0.0         37.676          0.000
     16/02/2004            0.0            0.0         37.603          0.000
     17/02/2004            0.0            0.0         37.530          0.000
     18/02/2004            0.0            0.0         37.458          0.000
     19/02/2004            0.0            0.0         37.386          0.000
     20/02/2004            0.0            0.0         37.315          0.000
     21/02/2004            0.0            0.0         37.244          0.000
     22/02/2004            0.0            0.0         37.173          0.000
     23/02/2004            0.0            0.0         37.103          0.000
     24/02/2004            0.0            0.0         37.033          0.000
     25/02/2004            0.0            0.0         36.963          0.000
     26/02/2004            0.0            0.0         36.894          0.000
     27/02/2004            0.0            0.0         36.825          0.000
     28/02/2004            0.0            0.0         42.648          0.000
     29/02/2004            0.0            0.0         40.442          0.000
     01/03/2004            0.0            0.0         40.784          0.000
     02/03/2004            0.0            0.0         40.246          0.000
     03/03/2004            0.0            0.0         39.805          0.000
     04/03/2004            0.0            0.0         39.482          0.000
     05/03/2004            0.0            0.0         39.259          0.000
     06/03/2004            0.0            0.0         39.103          0.000
     07/03/2004            0.0            0.0         38.985          0.000
     08/03/2004            0.0            0.0         38.887          0.000
     09/03/2004            0.0            0.0         38.798          0.000
     10/03/2004            0.0            0.0         38.715          0.000
     11/03/2004            0.0            0.0         38.634          0.000
     12/03/2004            0.0            0.0         38.555          0.000
     13/03/2004            0.0            0.0         38.476          0.000
     14/03/2004            0.0            0.0         38.398          0.000
     15/03/2004            0.0            0.0         38.321          0.000
     16/03/2004            0.0            0.0         38.244          0.000
     17/03/2004            0.0            0.0         38.168          0.000
     18/03/2004            0.0            0.0         38.092          0.000
     19/03/2004            0.0            0.0         38.016          0.000
     20/03/2004            0.0            0.0         37.941          0.000
     21/03/2004            0.0            0.0         37.867          0.000
     22/03/2004            0.0            0.0         37.793          0.000
     23/03/2004            0.0            0.0         37.719          0.000
     24/03/2004            0.0            0.0         37.646          0.000
     25/03/2004            0.0            0.0         37.573          0.000
     26/03/2004            0.0            0.0         37.500          0.000
     27/03/2004            0.0            0.0         37.428          0.000
     28/03/2004            0.0            0.0         37.356          0.000
     29/03/2004            0.0            0.0         39.008          0.000
     30/03/2004            0.0            0.0         40.577          0.000
     31/03/2004            0.0            0.0         40.032          0.000
     01/04/2004            0.0            0.0         39.725          0.000
     02/04/2004            0.0            0.0         39.467          0.000
     03/04/2004            0.0            0.0         39.274          0.000
     04/04/2004            0.0            0.0         39.131          0.000
     05/04/2004            0.0            0.0         39.019          0.000
     06/04/2004            0.0            0.0         38.923          0.000
     07/04/2004            0.0            0.0         38.835          0.000
     08/04/2004            0.0            0.0         41.699          0.000
     09/04/2004            0.0            0.0         39.525          0.000
     10/04/2004            0.0            0.0         43.756          0.000
     11/04/2004            0.0            0.0         41.428          0.000
     12/04/2004            0.0            0.0         40.650          0.000
     13/04/2004            0.0            0.0         40.041          0.000
     14/04/2004            0.0            0.0         55.641          0.000
     15/04/2004            0.0            0.0         51.134          0.000
     16/04/2004            0.0            0.0         47.320          0.000
     17/04/2004            0.0            0.0         44.368          0.000
     18/04/2004            0.0            0.0         42.683          0.000
     19/04/2004            0.0            0.0         40.987          0.000
     20/04/2004            0.0            0.0         42.459          0.000
     21/04/2004            0.0            0.0         41.094          0.000
     22/04/2004            0.0            0.0         43.620          0.000
     23/04/2004            0.0            0.0         41.576          0.000
     24/04/2004            0.0            0.0         40.684          0.000
     25/04/2004            0.0            0.0         40.034          0.000
     26/04/2004            0.0            0.0         39.596          0.000
     27/04/2004            0.0            0.0         39.312          0.000
     28/04/2004            0.0            0.0         39.126          0.000
     29/04/2004            0.0            0.0         52.535          0.000
     30/04/2004            0.0            0.0         48.103          0.000
     01/05/2004            0.0            0.0         44.104          0.000
     02/05/2004            0.0            0.0         42.404          0.000
     03/05/2004            0.0            0.0         41.029          0.000
     04/05/2004            0.0            0.0         40.169          0.000
     05/05/2004            0.0            0.0         39.639          0.000
     06/05/2004            0.0            0.0         39.318          0.000
     07/05/2004            0.0            0.0         39.117          0.000
     08/05/2004            0.0            0.0         38.979          0.000
     09/05/2004            0.0            0.0         38.872          0.000
     10/05/2004            0.0            0.0         38.779          0.000
     11/05/2004            0.0            0.0         40.013          0.000
     12/05/2004            0.0            0.0         39.758          0.000
     13/05/2004            0.0            0.0         39.516          0.000
     14/05/2004            0.0            0.0         42.015          0.000
     15/05/2004            0.0            0.0         41.360          0.000
     16/05/2004            0.0            0.0         40.369          0.000
     17/05/2004            0.0            0.0         39.863          0.000
     18/05/2004            0.0            0.0         39.506          0.000
     19/05/2004            0.0            0.0         59.621          0.000
     20/05/2004            0.0            0.0         54.090          0.000
     21/05/2004            0.0            0.0         48.451          0.000
     22/05/2004            0.0            0.0         45.199          0.000
     23/05/2004            0.0            0.0         46.821          0.000
     24/05/2004            0.0            0.0         43.640          0.000
     25/05/2004            0.0            0.0         41.935          0.000
     26/05/2004            0.0            0.0         64.412          0.000
     27/05/2004            0.0            0.0         56.571          0.000
     28/05/2004            0.0            0.0         53.640          0.000
     29/05/2004            0.0            0.0         53.426          0.000
     30/05/2004            0.0            0.0         46.883          0.000
     31/05/2004            0.0            0.0         44.538          0.000
     01/06/2004            0.0            0.0         42.834          0.000
     02/06/2004            0.0            0.0         47.902          0.000
     03/06/2004            0.0            0.0         42.903          0.000
     04/06/2004            0.0            0.0         41.342          0.000
     05/06/2004            0.0            0.0         40.369          0.000
     06/06/2004            0.0            0.0         39.771          0.000
     07/06/2004            0.0            0.0         39.407          0.000
     08/06/2004            0.0            0.0         39.183          0.000
     09/06/2004            0.0            0.0         39.033          0.000
     10/06/2004            0.0            0.0         38.919          0.000
     11/06/2004            0.0            0.0         39.700          0.000
     12/06/2004            0.0            0.0         41.617          0.000
     13/06/2004            0.0            0.0         39.871          0.000
     14/06/2004            0.0            0.0         70.608          0.000
     15/06/2004            0.0            0.0         64.368          0.000
     16/06/2004            0.0            0.0         56.383          0.000
     17/06/2004            0.0            0.0         54.411          0.000
     18/06/2004            0.0            0.0         48.039          0.000
     19/06/2004            0.0            0.0         44.847          0.000
     20/06/2004            0.0            0.0         44.853          0.000
     21/06/2004            0.0            0.0         43.147          0.000
     22/06/2004            0.0            0.0         41.443          0.000
     23/06/2004            0.0            0.0         40.290          0.000
     24/06/2004            0.0            0.0         39.666          0.000
     25/06/2004            0.0            0.0         39.318          0.000
     26/06/2004            0.0            0.0         42.912          0.000
     27/06/2004            0.0            0.0         47.006          0.000
     28/06/2004            1.0            0.0         43.528          0.002
     29/06/2004            1.0            0.0         42.044          0.002
     30/06/2004            1.2            0.0         64.462          0.003
     01/07/2004            1.6            0.0         56.496          0.003
     02/07/2004            2.0            0.0         49.862          0.004
     03/07/2004            2.2            0.0         64.750          0.005
     04/07/2004            2.8            0.0         57.241          0.006
     05/07/2004            3.6            0.0         72.645          0.008
     06/07/2004            4.8            0.0         68.418          0.011
     07/07/2004            6.1            0.0         59.690          0.014
     08/07/2004            7.5            0.0         55.343          0.017
     09/07/2004            9.8            0.0         57.571          0.022
     10/07/2004           11.9            0.0         61.162          0.027
     11/07/2004           14.5            0.0         55.598          0.033
     12/07/2004           18.1            0.0         49.673          0.040
     13/07/2004           24.6            0.0         64.554          0.049
     14/07/2004           28.5            0.0         58.688          0.058
     15/07/2004           36.3            0.0         52.069          0.069
     16/07/2004           45.0            0.0         46.490          0.083
     17/07/2004           51.2            0.0         57.689          0.097
     18/07/2004           62.1            0.0         50.351          0.114
     19/07/2004           79.7            0.0         45.374          0.138
     20/07/2004           93.2            0.0         43.516          0.162
     21/07/2004          104.8            0.0         54.707          0.189
     22/07/2004          129.7            0.0         47.840          0.220
     23/07/2004          163.1            0.0         44.404          0.254
     24/07/2004          181.3            0.0         42.501          0.298
     25/07/2004          219.5            0.0         40.232          0.380
     26/07/2004          263.5            0.0         38.686          0.474
     27/07/2004          307.1            0.0         45.271          0.559
     28/07/2004          361.9            0.0         43.503          0.658
     29/07/2004          436.6            0.0         39.808          0.784
     30/07/2004          504.6            0.0         38.854          0.889
     31/07/2004          587.5            0.0         40.340          1.009
     01/08/2004          694.0            0.0         36.478          1.083
     02/08/2004          806.9            0.0         46.460          1.224
     03/08/2004          960.2            0.0         44.957          1.374
     04/08/2004         1049.5            0.0         67.838          1.467
     05/08/2004         1191.0            0.0         66.392          1.603
     06/08/2004         1310.2            0.0         59.889          1.708
     07/08/2004         1482.9            0.0         52.137          1.825
     08/08/2004         1590.4            0.0         72.529          1.909
     09/08/2004         1673.9            0.0         60.779          1.907
     10/08/2004         1776.2            0.0         54.700          1.980
     11/08/2004         1871.5            0.0         56.965          2.043
     12/08/2004         2039.9            0.0         49.473          2.142
     13/08/2004         2274.5            0.0         76.345          2.217
     14/08/2004         2396.7            0.0         65.244          2.268
     15/08/2004         2636.2            0.0         74.442          2.261
     16/08/2004         2839.5            0.0         61.811          2.253
     17/08/2004         2979.1            0.0         55.172          2.246
     18/08/2004         3149.1            0.0         47.323          2.238
     19/08/2004         3276.2            0.0         45.666          2.186
     20/08/2004         3412.4            0.0         41.901          2.186
     21/08/2004         3520.6            0.0         38.646          2.186
     22/08/2004         3637.8            0.0         83.268          2.186
     23/08/2004         3751.0            0.0         72.804          2.179
     24/08/2004         3939.9            0.0         60.840          2.167
     25/08/2004         4132.4            0.0         63.096          2.152
     26/08/2004         4285.9            0.0         58.290          2.142
     27/08/2004         4444.6          116.1         50.146          2.129
     28/08/2004         4545.1          232.2         47.770          2.114
     29/08/2004         4676.7          332.7         46.065          2.090
     30/08/2004         4802.6          427.5         40.295          2.057
     31/08/2004         4914.8          542.9         62.799          2.057
     01/09/2004         5034.2          658.7         56.274          2.051
     02/09/2004         5110.4          774.8         74.042          2.038
     03/09/2004         5281.8          888.6         71.447          2.023
     04/09/2004         5404.5         1003.6         62.060          2.009
     05/09/2004         5550.0         1111.5         53.099          1.991
     06/09/2004         5653.2         1227.6         51.308          1.969
     07/09/2004         5746.3         1342.0         50.098          1.949
     08/09/2004         5873.8         1457.8         44.692          1.927
     09/09/2004         5961.6         1573.4         40.511          1.905
     10/09/2004         6047.4         1688.3         37.380          1.883
     11/09/2004         6119.7         1804.4         53.937          1.861
     12/09/2004         6196.5         1920.2         55.360          1.841
     13/09/2004         6325.3         2034.7         66.516          1.818
     14/09/2004         6459.6         2149.1         65.640          1.799
     15/09/2004         6537.0         2265.3         74.233          1.774
     16/09/2004         6604.7         2379.8         64.462          1.750
     17/09/2004         6705.6         2494.3         55.928          1.724
     18/09/2004         6830.2         2607.3         47.564          1.695
     19/09/2004         6918.6         2721.8         57.888          1.668
     20/09/2004         6984.4         2836.3         57.571          1.646
     21/09/2004         7038.2         2952.0         56.433          1.623
     22/09/2004         7152.4         3066.6         48.592          1.597
     23/09/2004         7261.1         3180.0         47.753          1.568
     24/09/2004         7349.0         3294.8         42.629          1.539
     25/09/2004         7445.9         3410.2         38.511          1.510
     26/09/2004         7488.5         3410.2         45.414          1.482
     27/09/2004         7564.9         3410.2         42.300          1.454
     28/09/2004         7564.9         3410.2         39.710          0.002
     29/09/2004            0.0            0.0         47.229          0.000
     30/09/2004            0.0            0.0         43.373          0.000
     01/10/2004            0.0            0.0         41.480          0.000
     02/10/2004            0.0            0.0         40.571          0.000
     03/10/2004            0.0            0.0         39.938          0.000
     04/10/2004            0.0            0.0         39.524          0.000
     05/10/2004            0.0            0.0         39.260          0.000
     06/10/2004            0.0            0.0         39.086          0.000
     07/10/2004            0.0            0.0         38.960          0.000
     08/10/2004            0.0            0.0         38.858          0.000
     09/10/2004            0.0            0.0         38.768          0.000
     10/10/2004            0.0            0.0         38.685          0.000
     11/10/2004            0.0            0.0         40.447          0.000
     12/10/2004            0.0            0.0         38.951          0.000
     13/10/2004            0.0            0.0         38.869          0.000
     14/10/2004            0.0            0.0         38.787          0.000
     15/10/2004            0.0            0.0         38.707          0.000
     16/10/2004            0.0            0.0         38.627          0.000
     17/10/2004            0.0            0.0         38.547          0.000
     18/10/2004            0.0            0.0         38.468          0.000
     19/10/2004            0.0            0.0         38.389          0.000
     20/10/2004            0.0            0.0         38.311          0.000
