ApsimVersion = 7.5
Title = KSAS8101_1-DRYLAND  - 0 KG N_HA
           Date        biomass          yield            esw            lai
   (dd/mm/yyyy)        (kg/ha)        (kg/ha)           (mm)      (m^2/m^2)
     06/10/1981            0.0            0.0         90.234          0.000
     07/10/1981            0.0            0.0         89.642          0.000
     08/10/1981            0.0            0.0         88.984          0.000
     09/10/1981            0.0            0.0         88.821          0.000
     10/10/1981            0.0            0.0         88.229          0.000
     11/10/1981            0.0            0.0         88.000          0.000
     12/10/1981            0.0            0.0         94.205          0.000
     13/10/1981            0.0            0.0         94.096          0.000
     14/10/1981            0.0            0.0         95.482          0.000
     15/10/1981            0.0            0.0         95.113          0.000
     16/10/1981            0.0            0.0         94.916          0.000
     17/10/1981            0.0            0.0        106.522          0.000
     18/10/1981            0.0            0.0        105.844          0.000
     19/10/1981            0.0            0.0        104.863          0.000
     20/10/1981            0.0            0.0        103.818          0.000
     21/10/1981            0.0            0.0        103.135          0.000
     22/10/1981            0.0            0.0        102.380          0.000
     23/10/1981            0.0            0.0        101.916          0.000
     24/10/1981            0.0            0.0        101.649          0.000
     25/10/1981            0.0            0.0        104.316          0.000
     26/10/1981            0.0            0.0        104.356          0.000
     27/10/1981            0.0            0.0        103.467          0.000
     28/10/1981            7.5            0.0        102.596          0.032
     29/10/1981            9.9            0.0        101.625          0.036
     30/10/1981           10.6            0.0        101.414          0.037
     31/10/1981           11.0            0.0        101.787          0.038
     01/11/1981           11.6            0.0        166.169          0.039
     02/11/1981           12.3            0.0        168.981          0.040
     03/11/1981           13.8            0.0        166.430          0.043
     04/11/1981           14.8            0.0        175.308          0.044
     05/11/1981           18.1            0.0        172.041          0.050
     06/11/1981           20.7            0.0        165.997          0.054
     07/11/1981           23.7            0.0        160.698          0.059
     08/11/1981           24.0            0.0        174.415          0.059
     09/11/1981           25.2            0.0        176.307          0.061
     10/11/1981           27.6            0.0        169.934          0.065
     11/11/1981           31.0            0.0        163.876          0.071
     12/11/1981           35.8            0.0        158.552          0.078
     13/11/1981           41.0            0.0        154.273          0.087
     14/11/1981           45.2            0.0        151.208          0.093
     15/11/1981           50.0            0.0        148.874          0.101
     16/11/1981           56.6            0.0        147.219          0.112
     17/11/1981           63.6            0.0        145.673          0.123
     18/11/1981           68.7            0.0        144.756          0.131
     19/11/1981           69.4            0.0        144.413          0.132
     20/11/1981           69.4            0.0        143.977          0.132
     21/11/1981           71.4            0.0        143.357          0.136
     22/11/1981           75.4            0.0        142.826          0.142
     23/11/1981           83.1            0.0        142.150          0.155
     24/11/1981           87.8            0.0        141.628          0.162
     25/11/1981           93.8            0.0        140.952          0.172
     26/11/1981           97.7            0.0        140.578          0.178
     27/11/1981           97.7            0.0        140.318          0.178
     28/11/1981           99.1            0.0        140.042          0.180
     29/11/1981          100.6            0.0        139.792          0.183
     30/11/1981          101.0            0.0        158.761          0.183
     01/12/1981          101.7            0.0        169.745          0.184
     02/12/1981          104.8            0.0        166.410          0.190
     03/12/1981          109.7            0.0        162.336          0.197
     04/12/1981          114.2            0.0        158.379          0.205
     05/12/1981          115.9            0.0        155.305          0.207
     06/12/1981          121.2            0.0        152.634          0.216
     07/12/1981          128.9            0.0        150.426          0.228
     08/12/1981          132.8            0.0        148.979          0.234
     09/12/1981          135.4            0.0        147.924          0.239
     10/12/1981          135.4            0.0        147.498          0.239
     11/12/1981          136.1            0.0        147.223          0.240
     12/12/1981          136.7            0.0        147.049          0.241
     13/12/1981          137.1            0.0        146.936          0.241
     14/12/1981          137.8            0.0        147.193          0.243
     15/12/1981          137.8            0.0        147.084          0.243
     16/12/1981          137.8            0.0        147.067          0.243
     17/12/1981          137.8            0.0        151.613          0.243
     18/12/1981          137.8            0.0        151.489          0.243
     19/12/1981          137.8            0.0        151.256          0.243
     20/12/1981          137.8            0.0        150.936          0.243
     21/12/1981          138.2            0.0        150.922          0.243
     22/12/1981          138.7            0.0        150.615          0.244
     23/12/1981          138.7            0.0        149.997          0.244
     24/12/1981          138.7            0.0        149.398          0.244
     25/12/1981          140.3            0.0        148.945          0.246
     26/12/1981          140.3            0.0        148.681          0.246
     27/12/1981          140.3            0.0        148.584          0.246
     28/12/1981          140.3            0.0        148.765          0.246
     29/12/1981          140.3            0.0        148.459          0.246
     30/12/1981          141.9            0.0        148.107          0.249
     31/12/1981          141.9            0.0        147.779          0.249
     01/01/1982          141.9            0.0        147.758          0.249
     02/01/1982          142.0            0.0        149.710          0.249
     03/01/1982          142.0            0.0        150.680          0.249
     04/01/1982          142.0            0.0        154.891          0.249
     05/01/1982          142.0            0.0        154.030          0.249
     06/01/1982          142.0            0.0        153.346          0.249
     07/01/1982          142.0            0.0        152.550          0.249
     08/01/1982          142.0            0.0        151.511          0.249
     09/01/1982          142.0            0.0        150.858          0.249
     10/01/1982          142.0            0.0        150.392          0.249
     11/01/1982          142.0            0.0        150.045          0.249
     12/01/1982          142.0            0.0        149.822          0.249
     13/01/1982          142.0            0.0        152.404          0.249
     14/01/1982          142.0            0.0        151.736          0.249
     15/01/1982          142.0            0.0        151.148          0.249
     16/01/1982          142.0            0.0        150.772          0.249
     17/01/1982          142.0            0.0        150.368          0.249
     18/01/1982          142.5            0.0        149.649          0.250
     19/01/1982          142.5            0.0        149.065          0.250
     20/01/1982          142.5            0.0        148.917          0.250
     21/01/1982          142.5            0.0        148.821          0.250
     22/01/1982          142.5            0.0        150.488          0.250
     23/01/1982          142.5            0.0        161.350          0.250
     24/01/1982          142.5            0.0        160.094          0.250
     25/01/1982          142.5            0.0        157.905          0.250
     26/01/1982          144.6            0.0        155.517          0.253
     27/01/1982          156.6            0.0        153.152          0.273
     28/01/1982          156.6            0.0        151.324          0.273
     29/01/1982          157.4            0.0        150.230          0.274
     30/01/1982          157.4            0.0        154.386          0.274
     31/01/1982          157.4            0.0        153.616          0.274
     01/02/1982          157.4            0.0        152.771          0.274
     02/02/1982          157.4            0.0        152.038          0.274
     03/02/1982          157.4            0.0        152.376          0.274
     04/02/1982          157.4            0.0        151.801          0.274
     05/02/1982          157.4            0.0        158.004          0.274
     06/02/1982          157.4            0.0        156.999          0.274
     07/02/1982          157.4            0.0        155.567          0.274
     08/02/1982          157.4            0.0        154.284          0.274
     09/02/1982          157.4            0.0        160.943          0.274
     10/02/1982          157.4            0.0        159.251          0.274
     11/02/1982          157.4            0.0        157.348          0.274
     12/02/1982          157.4            0.0        164.063          0.274
     13/02/1982          157.4            0.0        161.339          0.274
     14/02/1982          162.9            0.0        158.304          0.283
     15/02/1982          166.1            0.0        155.810          0.288
     16/02/1982          167.5            0.0        154.078          0.290
     17/02/1982          168.2            0.0        152.540          0.291
     18/02/1982          180.5            0.0        155.277          0.311
     19/02/1982          203.9            0.0        152.944          0.348
     20/02/1982          226.3            0.0        150.740          0.384
     21/02/1982          244.4            0.0        148.698          0.413
     22/02/1982          259.9            0.0        146.684          0.438
     23/02/1982          261.5            0.0        146.146          0.440
     24/02/1982          274.7            0.0        145.129          0.447
     25/02/1982          274.7            0.0        144.752          0.447
     26/02/1982          274.7            0.0        144.394          0.447
     27/02/1982          281.0            0.0        143.621          0.454
     28/02/1982          288.9            0.0        142.932          0.465
     01/03/1982          298.1            0.0        141.877          0.479
     02/03/1982          300.3            0.0        141.619          0.483
     03/03/1982          300.3            0.0        141.602          0.483
     04/03/1982          300.3            0.0        142.055          0.483
     05/03/1982          300.3            0.0        141.992          0.483
     06/03/1982          300.3            0.0        141.339          0.483
     07/03/1982          300.3            0.0        141.048          0.483
     08/03/1982          309.1            0.0        140.244          0.488
     09/03/1982          314.1            0.0        139.644          0.492
     10/03/1982          319.9            0.0        138.569          0.501
     11/03/1982          324.3            0.0        137.796          0.508
     12/03/1982          326.6            0.0        137.330          0.512
     13/03/1982          331.8            0.0        136.423          0.520
     14/03/1982          332.2            0.0        136.857          0.521
     15/03/1982          333.9            0.0        158.096          0.524
     16/03/1982          339.8            0.0        167.918          0.533
     17/03/1982          344.7            0.0        164.162          0.541
     18/03/1982          345.3            0.0        160.850          0.542
     19/03/1982          350.0            0.0        171.658          0.549
     20/03/1982          355.9            0.0        166.338          0.555
     21/03/1982          360.7            0.0        161.325          0.558
     22/03/1982          365.2            0.0        156.716          0.561
     23/03/1982          367.2            0.0        153.312          0.564
     24/03/1982          370.2            0.0        150.447          0.568
     25/03/1982          373.8            0.0        152.427          0.570
     26/03/1982          377.0            0.0        150.542          0.572
     27/03/1982          379.4            0.0        149.128          0.575
     28/03/1982          381.0            0.0        148.138          0.577
     29/03/1982          382.0            0.0        147.468          0.578
     30/03/1982          385.0            0.0        147.737          0.582
     31/03/1982          388.9            0.0        146.418          0.585
     01/04/1982          392.5            0.0        145.402          0.589
     02/04/1982          395.5            0.0        144.300          0.592
     03/04/1982          400.3            0.0        143.183          0.593
     04/04/1982          403.7            0.0        142.401          0.594
     05/04/1982          405.3            0.0        148.637          0.595
     06/04/1982          405.3            0.0        148.062          0.595
     07/04/1982          406.2            0.0        147.876          0.595
     08/04/1982          408.4            0.0        148.205          0.596
     09/04/1982          413.3            0.0        147.118          0.597
     10/04/1982          417.7            0.0        145.962          0.598
     11/04/1982          421.9            0.0        144.676          0.600
     12/04/1982          426.8            0.0        143.061          0.602
     13/04/1982          432.7            0.0        141.610          0.603
     14/04/1982          439.2            0.0        139.908          0.605
     15/04/1982          444.6            0.0        138.659          0.607
     16/04/1982          447.8            0.0        138.109          0.609
     17/04/1982          459.5            0.0        136.696          0.610
     18/04/1982          470.1            0.0        135.264          0.611
     19/04/1982          480.4            0.0        136.663          0.612
     20/04/1982          491.8            0.0        135.459          0.613
     21/04/1982          501.8            0.0        134.286          0.614
     22/04/1982          513.5            0.0        133.457          0.614
     23/04/1982          523.5            0.0        132.626          0.615
     24/04/1982          532.6            0.0        131.903          0.617
     25/04/1982          539.0            0.0        131.714          0.618
     26/04/1982          553.9            0.0        130.908          0.619
     27/04/1982          558.6            0.0        130.490          0.620
     28/04/1982          559.6            0.0        134.218          0.621
     29/04/1982          564.5            0.0        149.863          0.622
     30/04/1982          572.7            0.0        149.548          0.624
     01/05/1982          583.4            0.0        148.654          0.625
     02/05/1982          597.7            0.0        147.408          0.629
     03/05/1982          614.1            0.0        145.760          0.636
     04/05/1982          633.4            0.0        143.734          0.645
     05/05/1982          638.0            0.0        143.306          0.646
     06/05/1982          651.1            0.0        173.027          0.651
     07/05/1982          675.6            0.0        170.500          0.659
     08/05/1982          700.2            0.0        163.612          0.664
     09/05/1982          722.8            0.0        157.208          0.667
     10/05/1982          740.1            0.0        152.488          0.667
     11/05/1982          763.0            0.0        148.890          0.666
     12/05/1982          774.0            0.0        172.177          0.663
     13/05/1982          786.6            0.0        167.705          0.659
     14/05/1982          800.9            0.0        163.399          0.654
     15/05/1982          835.6            0.0        168.670          0.650
     16/05/1982          850.6            0.0        165.508          0.645
     17/05/1982          873.6            0.0        164.891          0.641
     18/05/1982          910.0            0.0        160.387          0.636
     19/05/1982          944.9            0.0        154.659          0.630
     20/05/1982          966.7            0.0        150.857          0.625
     21/05/1982         1000.8            0.0        170.099          0.621
     22/05/1982         1028.9            0.0        165.543          0.617
     23/05/1982         1068.2            0.0        159.454          0.613
     24/05/1982         1084.1            0.0        155.294          0.608
     25/05/1982         1109.2            0.0        168.052          0.602
     26/05/1982         1157.7            0.0        182.499          0.597
     27/05/1982         1211.5            0.0        177.005          0.592
     28/05/1982         1241.3            0.0        167.774          0.584
     29/05/1982         1288.1           31.7        182.179          0.578
     30/05/1982         1313.4           62.2        173.149          0.572
     31/05/1982         1329.4           88.5        176.392          0.566
     01/06/1982         1353.9          107.5        167.723          0.562
     02/06/1982         1361.3          126.2        162.547          0.557
     03/06/1982         1365.6          141.9        158.791          0.553
     04/06/1982         1372.8          157.3        156.910          0.548
     05/06/1982         1381.5          183.8        153.080          0.542
     06/06/1982         1387.4          213.7        149.911          0.534
     07/06/1982         1392.4          228.5        158.849          0.527
     08/06/1982         1395.0          240.8        155.789          0.519
     09/06/1982         1397.2          248.7        169.944          0.511
     10/06/1982         1399.3          253.3        164.524          0.505
     11/06/1982         1400.0          257.6        159.912          0.499
     12/06/1982         1401.4          262.4        155.199          0.492
     13/06/1982         1402.4          267.1        151.224          0.485
     14/06/1982         1403.1          272.5        148.645          0.477
     15/06/1982         1404.3          277.6        167.352          0.469
     16/06/1982         1405.8          281.6        162.892          0.463
     17/06/1982         1406.9          285.8        158.086          0.456
     18/06/1982         1407.7          290.0        154.644          0.448
     19/06/1982         1408.9          293.8        150.267          0.433
     20/06/1982         1410.2          298.7        146.320          0.414
     21/06/1982         1411.2          303.5        143.363          0.396
     22/06/1982         1412.4          307.9        156.212          0.380
     23/06/1982         1413.0          312.1        154.886          0.362
     24/06/1982         1413.7          316.7        158.278          0.343
     25/06/1982         1414.5          321.7        158.411          0.325
     26/06/1982         1415.3          326.9        155.656          0.306
     27/06/1982         1415.8          332.2        162.241          0.288
     28/06/1982         1416.8          338.4        162.891          0.268
     29/06/1982         1417.9          345.9        157.911          0.252
     30/06/1982         1418.7          345.9        154.194          0.243
     01/07/1982         1418.7          345.9        183.711          0.236
     02/07/1982         1418.7          345.9        172.852          0.213
     03/07/1982         1418.7          345.9        163.239          0.000
     04/07/1982            0.0            0.0        154.810          0.000
     05/07/1982            0.0            0.0        149.276          0.000
     06/07/1982            0.0            0.0        145.365          0.000
     07/07/1982            0.0            0.0        142.615          0.000
     08/07/1982            0.0            0.0        140.668          0.000
     09/07/1982            0.0            0.0        139.255          0.000
     10/07/1982            0.0            0.0        168.568          0.000
     11/07/1982            0.0            0.0        162.790          0.000
     12/07/1982            0.0            0.0        156.352          0.000
     13/07/1982            0.0            0.0        150.912          0.000
     14/07/1982            0.0            0.0        151.458          0.000
     15/07/1982            0.0            0.0        147.337          0.000
     16/07/1982            0.0            0.0        152.616          0.000
     17/07/1982            0.0            0.0        148.728          0.000
     18/07/1982            0.0            0.0        145.334          0.000
     19/07/1982            0.0            0.0        143.256          0.000
     20/07/1982            0.0            0.0        141.671          0.000
     21/07/1982            0.0            0.0        140.407          0.000
     22/07/1982            0.0            0.0        144.727          0.000
     23/07/1982            0.0            0.0        141.446          0.000
     24/07/1982            0.0            0.0        140.375          0.000
     25/07/1982            0.0            0.0        139.467          0.000
     26/07/1982            0.0            0.0        138.668          0.000
     27/07/1982            0.0            0.0        137.947          0.000
     28/07/1982            0.0            0.0        137.285          0.000
     29/07/1982            0.0            0.0        136.668          0.000
     30/07/1982            0.0            0.0        136.087          0.000
     31/07/1982            0.0            0.0        135.537          0.000
