ApsimVersion = 7.5
Title = KSAS8101_3-DRYLAND  - 180 KG N_HA SP
           Date        biomass          yield            esw            lai
   (dd/mm/yyyy)        (kg/ha)        (kg/ha)           (mm)      (m^2/m^2)
     06/10/1981            0.0            0.0         90.234          0.000
     07/10/1981            0.0            0.0         89.642          0.000
     08/10/1981            0.0            0.0         88.984          0.000
     09/10/1981            0.0            0.0         88.821          0.000
     10/10/1981            0.0            0.0         88.229          0.000
     11/10/1981            0.0            0.0         88.000          0.000
     12/10/1981            0.0            0.0         94.205          0.000
     13/10/1981            0.0            0.0         94.096          0.000
     14/10/1981            0.0            0.0         95.482          0.000
     15/10/1981            0.0            0.0         95.113          0.000
     16/10/1981            0.0            0.0         94.916          0.000
     17/10/1981            0.0            0.0        106.522          0.000
     18/10/1981            0.0            0.0        105.844          0.000
     19/10/1981            0.0            0.0        104.863          0.000
     20/10/1981            0.0            0.0        103.818          0.000
     21/10/1981            0.0            0.0        103.135          0.000
     22/10/1981            0.0            0.0        102.380          0.000
     23/10/1981            0.0            0.0        101.916          0.000
     24/10/1981            0.0            0.0        101.649          0.000
     25/10/1981            0.0            0.0        104.316          0.000
     26/10/1981            0.0            0.0        104.356          0.000
     27/10/1981            0.0            0.0        103.467          0.000
     28/10/1981            7.5            0.0        102.596          0.032
     29/10/1981            9.9            0.0        101.625          0.036
     30/10/1981           10.6            0.0        101.414          0.037
     31/10/1981           11.0            0.0        101.787          0.038
     01/11/1981           11.6            0.0        166.169          0.039
     02/11/1981           12.3            0.0        168.981          0.040
     03/11/1981           13.8            0.0        166.430          0.043
     04/11/1981           14.8            0.0        175.308          0.044
     05/11/1981           18.1            0.0        172.039          0.050
     06/11/1981           20.7            0.0        165.988          0.054
     07/11/1981           23.7            0.0        160.682          0.059
     08/11/1981           24.0            0.0        174.399          0.059
     09/11/1981           25.2            0.0        176.274          0.061
     10/11/1981           27.6            0.0        169.884          0.065
     11/11/1981           31.0            0.0        163.807          0.071
     12/11/1981           35.8            0.0        158.461          0.078
     13/11/1981           41.0            0.0        154.154          0.087
     14/11/1981           45.2            0.0        151.065          0.093
     15/11/1981           50.0            0.0        148.716          0.101
     16/11/1981           56.6            0.0        146.716          0.112
     17/11/1981           63.6            0.0        145.092          0.123
     18/11/1981           68.7            0.0        144.119          0.131
     19/11/1981           69.4            0.0        143.760          0.132
     20/11/1981           69.4            0.0        143.282          0.132
     21/11/1981           71.4            0.0        142.592          0.136
     22/11/1981           75.4            0.0        142.005          0.142
     23/11/1981           83.1            0.0        141.251          0.155
     24/11/1981           87.8            0.0        140.664          0.162
     25/11/1981           96.1            0.0        139.871          0.175
     26/11/1981          100.4            0.0        139.443          0.182
     27/11/1981          100.4            0.0        139.146          0.182
     28/11/1981          101.8            0.0        138.830          0.185
     29/11/1981          103.3            0.0        138.545          0.187
     30/11/1981          103.8            0.0        157.567          0.188
     01/12/1981          104.5            0.0        168.733          0.189
     02/12/1981          107.7            0.0        165.595          0.194
     03/12/1981          112.7            0.0        161.687          0.202
     04/12/1981          117.3            0.0        157.843          0.210
     05/12/1981          119.0            0.0        154.876          0.212
     06/12/1981          126.7            0.0        152.197          0.225
     07/12/1981          138.5            0.0        149.898          0.244
     08/12/1981          142.6            0.0        148.416          0.250
     09/12/1981          145.4            0.0        147.313          0.255
     10/12/1981          145.4            0.0        146.890          0.255
     11/12/1981          146.1            0.0        146.612          0.256
     12/12/1981          146.8            0.0        146.433          0.257
     13/12/1981          147.3            0.0        146.315          0.258
     14/12/1981          148.0            0.0        146.539          0.259
     15/12/1981          148.0            0.0        146.416          0.259
     16/12/1981          148.0            0.0        146.398          0.259
     17/12/1981          148.0            0.0        150.962          0.259
     18/12/1981          148.0            0.0        150.894          0.259
     19/12/1981          148.0            0.0        150.742          0.259
     20/12/1981          148.0            0.0        150.515          0.259
     21/12/1981          148.4            0.0        150.597          0.260
     22/12/1981          148.9            0.0        150.373          0.260
     23/12/1981          148.9            0.0        149.762          0.260
     24/12/1981          148.9            0.0        149.149          0.260
     25/12/1981          150.6            0.0        148.684          0.263
     26/12/1981          150.6            0.0        148.415          0.263
     27/12/1981          150.6            0.0        148.328          0.263
     28/12/1981          150.6            0.0        148.505          0.263
     29/12/1981          150.6            0.0        148.158          0.263
     30/12/1981          152.3            0.0        147.756          0.266
     31/12/1981          152.3            0.0        147.377          0.266
     01/01/1982          152.3            0.0        147.354          0.266
     02/01/1982          152.5            0.0        149.299          0.266
     03/01/1982          152.5            0.0        150.283          0.266
     04/01/1982          152.5            0.0        154.503          0.266
     05/01/1982          152.5            0.0        153.635          0.266
     06/01/1982          152.5            0.0        153.021          0.266
     07/01/1982          152.5            0.0        152.291          0.266
     08/01/1982          152.5            0.0        151.265          0.266
     09/01/1982          152.5            0.0        150.660          0.266
     10/01/1982          152.5            0.0        150.235          0.266
     11/01/1982          152.5            0.0        149.914          0.266
     12/01/1982          152.5            0.0        149.711          0.266
     13/01/1982          152.5            0.0        152.305          0.266
     14/01/1982          152.5            0.0        151.586          0.266
     15/01/1982          152.5            0.0        150.974          0.266
     16/01/1982          152.5            0.0        150.616          0.266
     17/01/1982          152.5            0.0        150.220          0.266
     18/01/1982          152.9            0.0        149.446          0.267
     19/01/1982          152.9            0.0        148.812          0.267
     20/01/1982          152.9            0.0        148.671          0.267
     21/01/1982          152.9            0.0        148.581          0.267
     22/01/1982          152.9            0.0        150.248          0.267
     23/01/1982          152.9            0.0        161.132          0.267
     24/01/1982          152.9            0.0        159.906          0.267
     25/01/1982          152.9            0.0        157.680          0.267
     26/01/1982          155.2            0.0        155.250          0.270
     27/01/1982          167.9            0.0        152.823          0.291
     28/01/1982          167.9            0.0        150.950          0.291
     29/01/1982          168.8            0.0        149.866          0.292
     30/01/1982          168.8            0.0        154.024          0.292
     31/01/1982          168.8            0.0        153.283          0.292
     01/02/1982          168.8            0.0        152.467          0.292
     02/02/1982          168.8            0.0        151.784          0.292
     03/02/1982          168.8            0.0        152.176          0.292
     04/02/1982          168.8            0.0        151.653          0.292
     05/02/1982          168.8            0.0        157.897          0.292
     06/02/1982          168.8            0.0        156.917          0.292
     07/02/1982          168.8            0.0        155.468          0.292
     08/02/1982          168.8            0.0        154.201          0.292
     09/02/1982          168.8            0.0        160.873          0.292
     10/02/1982          168.8            0.0        159.188          0.292
     11/02/1982          168.8            0.0        157.280          0.292
     12/02/1982          168.8            0.0        163.985          0.292
     13/02/1982          168.8            0.0        161.204          0.292
     14/02/1982          174.6            0.0        158.082          0.302
     15/02/1982          178.0            0.0        155.569          0.307
     16/02/1982          179.5            0.0        153.836          0.309
     17/02/1982          180.3            0.0        152.304          0.311
     18/02/1982          193.3            0.0        154.954          0.332
     19/02/1982          218.1            0.0        152.472          0.371
     20/02/1982          250.9            0.0        149.963          0.424
     21/02/1982          286.8            0.0        147.434          0.481
     22/02/1982          328.2            0.0        144.850          0.547
     23/02/1982          333.2            0.0        144.276          0.555
     24/02/1982          349.4            0.0        143.409          0.580
     25/02/1982          349.4            0.0        143.030          0.580
     26/02/1982          349.4            0.0        142.494          0.580
     27/02/1982          357.4            0.0        141.646          0.593
     28/02/1982          375.7            0.0        140.769          0.622
     01/03/1982          420.6            0.0        138.772          0.693
     02/03/1982          434.7            0.0        138.344          0.715
     03/03/1982          434.7            0.0        138.326          0.715
     04/03/1982          434.7            0.0        138.778          0.715
     05/03/1982          434.7            0.0        138.714          0.715
     06/03/1982          434.7            0.0        138.033          0.715
     07/03/1982          434.7            0.0        137.731          0.715
     08/03/1982          451.4            0.0        136.828          0.742
     09/03/1982          458.7            0.0        136.188          0.753
     10/03/1982          521.7            0.0        133.809          0.852
     11/03/1982          580.2            0.0        131.961          0.937
     12/03/1982          615.5            0.0        130.734          0.992
     13/03/1982          681.8            0.0        128.748          1.071
     14/03/1982          687.4            0.0        129.163          1.080
     15/03/1982          716.4            0.0        150.421          1.125
     16/03/1982          819.9            0.0        159.880          1.240
     17/03/1982          921.3            0.0        155.379          1.362
     18/03/1982          933.8            0.0        153.692          1.381
     19/03/1982         1036.5            0.0        164.076          1.525
     20/03/1982         1152.9            0.0        159.323          1.600
     21/03/1982         1187.0            0.0        155.754          1.635
     22/03/1982         1246.2            0.0        151.965          1.685
     23/03/1982         1309.0            0.0        149.096          1.756
     24/03/1982         1391.4            0.0        146.269          1.828
     25/03/1982         1452.9            0.0        148.758          1.872
     26/03/1982         1502.5            0.0        147.015          1.914
     27/03/1982         1577.1            0.0        145.550          1.963
     28/03/1982         1645.0            0.0        144.392          2.023
     29/03/1982         1709.7            0.0        143.313          2.108
     30/03/1982         1865.6            0.0        141.917          2.227
     31/03/1982         2001.7            0.0        138.339          2.257
     01/04/1982         2109.7            0.0        134.946          2.277
     02/04/1982         2200.8            0.0        131.844          2.329
     03/04/1982         2349.2            0.0        129.121          2.376
     04/04/1982         2429.8            0.0        127.889          2.414
     05/04/1982         2457.6            0.0        134.095          2.441
     06/04/1982         2457.6            0.0        133.722          2.441
     07/04/1982         2470.1            0.0        133.553          2.458
     08/04/1982         2513.4            0.0        133.738          2.489
     09/04/1982         2603.1            0.0        131.755          2.521
     10/04/1982         2753.7            0.0        129.020          2.567
     11/04/1982         2844.9            0.0        126.055          2.600
     12/04/1982         2904.2            0.0        123.074          2.592
     13/04/1982         2986.5            0.0        120.291          2.615
     14/04/1982         3034.0            0.0        117.600          2.578
     15/04/1982         3091.2            0.0        115.201          2.604
     16/04/1982         3142.6            0.0        113.437          2.679
     17/04/1982         3242.0            0.0        111.134          2.669
     18/04/1982         3292.9            0.0        108.933          2.605
     19/04/1982         3403.8            0.0        109.449          2.638
     20/04/1982         3523.9            0.0        107.388          2.642
     21/04/1982         3602.1            0.0        105.464          2.618
     22/04/1982         3672.3            0.0        103.495          2.568
     23/04/1982         3718.4            0.0        101.663          2.505
     24/04/1982         3776.8            0.0         99.941          2.490
     25/04/1982         3860.6            0.0         99.183          2.548
     26/04/1982         3910.4            0.0         97.401          2.480
     27/04/1982         3965.3            0.0         96.576          2.526
     28/04/1982         3976.3            0.0        100.288          2.538
     29/04/1982         4027.6            0.0        115.737          2.580
     30/04/1982         4108.1            0.0        115.010          2.635
     01/05/1982         4211.5            0.0        113.189          2.696
     02/05/1982         4321.0            0.0        110.689          2.740
     03/05/1982         4389.2            0.0        108.181          2.711
     04/05/1982         4446.6            0.0        105.638          2.650
     05/05/1982         4489.8            0.0        104.291          2.670
     06/05/1982         4608.4            0.0        135.299          2.718
     07/05/1982         4753.3            0.0        134.203          2.721
     08/05/1982         4872.3            0.0        129.924          2.687
     09/05/1982         4998.2            0.0        125.937          2.657
     10/05/1982         5144.3            0.0        122.391          2.662
     11/05/1982         5240.2            0.0        119.815          2.596
     12/05/1982         5332.0            0.0        145.423          2.596
     13/05/1982         5429.4            0.0        144.160          2.596
     14/05/1982         5534.0            0.0        143.049          2.596
     15/05/1982         5730.4            0.0        149.737          2.573
     16/05/1982         5832.8            0.0        149.925          2.573
     17/05/1982         5980.8            0.0        151.656          2.573
     18/05/1982         6133.8            0.0        148.098          2.532
     19/05/1982         6269.1            0.0        142.944          2.487
     20/05/1982         6393.5            0.0        139.684          2.487
     21/05/1982         6577.9            0.0        159.031          2.487
     22/05/1982         6727.1            0.0        155.619          2.487
     23/05/1982         6922.3            0.0        149.096          2.482
     24/05/1982         7003.4            0.0        146.530          2.482
     25/05/1982         7124.2            0.0        160.396          2.482
     26/05/1982         7347.2            0.0        177.277          2.482
     27/05/1982         7525.2            0.0        171.232          2.447
     28/05/1982         7660.9            0.0        161.029          2.447
     29/05/1982         7861.3          193.8        177.046          2.447
     30/05/1982         8015.3          379.9        167.055          2.447
     31/05/1982         8140.5          540.6        170.230          2.447
     01/06/1982         8371.4          656.5        159.369          2.438
     02/06/1982         8465.8          794.6        155.066          2.438
     03/06/1982         8531.3          930.5        152.429          2.438
     04/06/1982         8656.2         1084.0        150.737          2.438
     05/06/1982         8825.3         1405.5        145.733          2.438
     06/06/1982         8904.1         1868.2        142.078          2.438
     07/06/1982         8945.2         2116.2        151.596          2.438
     08/06/1982         8964.0         2296.4        149.831          2.438
     09/06/1982         8975.4         2375.9        165.889          2.438
     10/06/1982         8983.2         2409.3        162.394          2.438
     11/06/1982         8985.7         2438.1        159.143          2.438
     12/06/1982         8989.9         2465.8        155.363          2.438
     13/06/1982         8992.7         2491.9        152.271          2.438
     14/06/1982         8994.9         2520.7        150.330          2.438
     15/06/1982         8998.7         2550.7        169.467          2.438
     16/06/1982         9003.8         2575.2        165.342          2.438
     17/06/1982         9007.1         2599.8        160.644          2.438
     18/06/1982         9010.0         2625.8        157.259          2.438
     19/06/1982         9014.6         2651.0        153.240          2.438
     20/06/1982         9018.9         2678.6        149.857          2.438
     21/06/1982         9023.1         2711.0        147.311          2.438
     22/06/1982         9029.0         2744.5        160.562          2.438
     23/06/1982         9032.5         2778.8        159.145          2.438
     24/06/1982         9036.6         2820.5        162.290          2.438
     25/06/1982         9042.1         2868.8        162.182          2.438
     26/06/1982         9047.3         2910.4        159.239          2.438
     27/06/1982         9049.4         2936.3        165.498          2.438
     28/06/1982         9053.2         2965.4        166.197          2.438
     29/06/1982         9058.0         2993.2        161.372          2.293
     30/06/1982         9060.7         2993.2        157.259          2.293
     01/07/1982         9060.8         2993.2        184.050          2.293
     02/07/1982         9060.8         2993.2        174.045          2.068
     03/07/1982         9060.8         2993.2        165.027          0.000
     04/07/1982            0.0            0.0        157.772          0.000
     05/07/1982            0.0            0.0        152.227          0.000
     06/07/1982            0.0            0.0        148.135          0.000
     07/07/1982            0.0            0.0        144.721          0.000
     08/07/1982            0.0            0.0        142.415          0.000
     09/07/1982            0.0            0.0        140.765          0.000
     10/07/1982            0.0            0.0        170.855          0.000
     11/07/1982            0.0            0.0        165.978          0.000
     12/07/1982            0.0            0.0        160.358          0.000
     13/07/1982            0.0            0.0        155.581          0.000
     14/07/1982            0.0            0.0        157.037          0.000
     15/07/1982            0.0            0.0        153.404          0.000
     16/07/1982            0.0            0.0        159.577          0.000
     17/07/1982            0.0            0.0        155.630          0.000
     18/07/1982            0.0            0.0        152.464          0.000
     19/07/1982            0.0            0.0        149.407          0.000
     20/07/1982            0.0            0.0        146.090          0.000
     21/07/1982            0.0            0.0        143.284          0.000
     22/07/1982            0.0            0.0        148.496          0.000
     23/07/1982            0.0            0.0        146.222          0.000
     24/07/1982            0.0            0.0        144.088          0.000
     25/07/1982            0.0            0.0        142.580          0.000
     26/07/1982            0.0            0.0        141.424          0.000
     27/07/1982            0.0            0.0        140.464          0.000
     28/07/1982            0.0            0.0        139.629          0.000
     29/07/1982            0.0            0.0        138.881          0.000
     30/07/1982            0.0            0.0        138.197          0.000
     31/07/1982            0.0            0.0        137.562          0.000
