ApsimVersion = 7.5
Title = GHNY9701_12-97 DATE3 F-MIX
           Date        biomass          yield            esw            lai
   (dd/mm/yyyy)        (kg/ha)        (kg/ha)           (mm)      (m^2/m^2)
     23/07/1997            0.0            0.0         83.588          0.000
     24/07/1997            0.0            0.0         82.156          0.000
     25/07/1997            0.0            0.0         81.715          0.000
     26/07/1997            0.0            0.0         81.302          0.000
     27/07/1997            0.0            0.0         80.903          0.000
     28/07/1997            0.0            0.0         80.513          0.000
     29/07/1997            0.0            0.0         83.898          0.000
     30/07/1997            4.5            0.0         97.038          0.006
     31/07/1997            4.7            0.0         95.223          0.006
     01/08/1997            5.1            0.0         93.872          0.007
     02/08/1997            5.9            0.0         91.767          0.009
     03/08/1997            6.8            0.0         90.561          0.011
     04/08/1997            7.4            0.0         89.576          0.012
     05/08/1997            8.3            0.0        127.994          0.014
     06/08/1997            8.8            0.0        120.780          0.015
     07/08/1997            9.8            0.0        113.395          0.017
     08/08/1997           11.7            0.0        107.048          0.021
     09/08/1997           13.2            0.0        103.194          0.024
     10/08/1997           15.8            0.0        101.328          0.029
     11/08/1997           19.1            0.0        100.223          0.035
     12/08/1997           22.2            0.0         99.496          0.041
     13/08/1997           25.8            0.0         98.952          0.049
     14/08/1997           29.6            0.0         98.478          0.056
     15/08/1997           31.7            0.0         98.701          0.060
     16/08/1997           36.8            0.0         97.717          0.067
     17/08/1997           40.8            0.0         97.345          0.071
     18/08/1997           46.6            0.0        134.079          0.078
     19/08/1997           53.6            0.0        121.291          0.086
     20/08/1997           60.6            0.0        112.001          0.094
     21/08/1997           70.4            0.0        119.111          0.106
     22/08/1997           76.4            0.0        110.805          0.113
     23/08/1997           79.2            0.0        105.813          0.116
     24/08/1997           86.7            0.0        103.005          0.124
     25/08/1997           97.6            0.0        108.403          0.137
     26/08/1997          105.8            0.0        104.574          0.146
     27/08/1997          115.7            0.0        107.311          0.157
     28/08/1997          121.5            0.0        104.417          0.164
     29/08/1997          136.7            0.0        110.551          0.182
     30/08/1997          150.9            0.0        105.957          0.198
     31/08/1997          166.4            0.0        102.506          0.216
     01/09/1997          180.0            0.0        100.499          0.232
     02/09/1997          194.0            0.0         99.578          0.247
     03/09/1997          203.3            0.0         99.006          0.258
     04/09/1997          212.3            1.2        100.261          0.268
     05/09/1997          228.1            2.6        115.240          0.287
     06/09/1997          240.0            4.0        110.467          0.300
     07/09/1997          255.4            5.7        105.044          0.317
     08/09/1997          277.7            7.8        122.566          0.343
     09/09/1997          289.0            9.7        130.138          0.355
     10/09/1997          305.2           12.0        123.666          0.372
     11/09/1997          321.7           14.4        114.714          0.389
     12/09/1997          346.1           17.4        107.392          0.416
     13/09/1997          371.8           20.8        130.611          0.443
     14/09/1997          391.5           24.1        120.160          0.463
     15/09/1997          418.2           28.1        117.123          0.490
     16/09/1997          444.2           32.3        109.015          0.516
     17/09/1997          472.8           37.1        117.797          0.543
     18/09/1997          484.6           40.7        126.960          0.552
     19/09/1997          509.8           45.7        118.492          0.574
     20/09/1997          533.0           50.7        111.232          0.594
     21/09/1997          575.2           58.0        103.603          0.633
     22/09/1997          607.7           64.7        119.909          0.661
     23/09/1997          619.3           69.4        115.183          0.667
     24/09/1997          656.2           77.2        112.732          0.698
     25/09/1997          672.8           82.9        108.712          0.708
     26/09/1997          705.7           90.9        103.723          0.734
     27/09/1997          758.9          102.0        134.875          0.778
     28/09/1997          809.8          113.4        119.496          0.819
     29/09/1997          852.7          124.2        112.208          0.849
     30/09/1997          889.4          134.5        104.535          0.873
     01/10/1997          930.4          145.9         99.738          0.899
     02/10/1997          982.0          159.5        113.802          0.932
     03/10/1997         1012.1          170.0        109.563          0.947
     04/10/1997         1051.7          182.6        104.870          0.968
     05/10/1997         1070.0          191.7        133.536          0.973
     06/10/1997         1126.9          208.3        130.351          1.005
     07/10/1997         1179.4          224.6        118.293          1.031
     08/10/1997         1198.7          234.9        113.008          1.035
     09/10/1997         1246.5          251.3        106.691          1.057
     10/10/1997         1297.7          268.9        101.048          1.082
     11/10/1997         1352.8          287.9         97.027          1.108
     12/10/1997         1401.3          306.1         94.689          1.129
     13/10/1997         1459.7          327.0         91.906          1.157
     14/10/1997         1493.8          343.0         90.526          1.167
     15/10/1997         1560.6          367.1        101.794          1.198
     16/10/1997         1635.1          393.7         95.639          1.233
     17/10/1997         1668.6          411.1         93.139          1.242
     18/10/1997         1707.3          430.2        109.603          1.253
     19/10/1997         1749.3          450.6        106.719          1.266
     20/10/1997         1792.6          471.8        103.411          1.279
     21/10/1997         1796.3          482.8        100.046          1.277
     22/10/1997         1805.8          495.5         95.883          1.274
     23/10/1997         1818.5          509.2         89.664          1.272
     24/10/1997         1818.5          509.2         95.088          1.270
     25/10/1997         1818.5          509.2         92.808          0.000
     26/10/1997            0.0            0.0         95.338          0.000
     27/10/1997            0.0            0.0         92.402          0.000
     28/10/1997            0.0            0.0         91.378          0.000
     29/10/1997            0.0            0.0         90.090          0.000
     30/10/1997            0.0            0.0         89.805          0.000
     31/10/1997            0.0            0.0         89.508          0.000
     01/11/1997            0.0            0.0         89.203          0.000
     02/11/1997            0.0            0.0         88.902          0.000
     03/11/1997            0.0            0.0         88.613          0.000
     04/11/1997            0.0            0.0         88.334          0.000
     05/11/1997            0.0            0.0         88.065          0.000
     06/11/1997            0.0            0.0         87.804          0.000
     07/11/1997            0.0            0.0         87.552          0.000
     08/11/1997            0.0            0.0         87.306          0.000
     09/11/1997            0.0            0.0         87.068          0.000
     10/11/1997            0.0            0.0         86.835          0.000
     11/11/1997            0.0            0.0         86.609          0.000
     12/11/1997            0.0            0.0         86.388          0.000
     13/11/1997            0.0            0.0         86.172          0.000
     14/11/1997            0.0            0.0         85.960          0.000
     15/11/1997            0.0            0.0         85.754          0.000
     16/11/1997            0.0            0.0         85.551          0.000
     17/11/1997            0.0            0.0         85.352          0.000
     18/11/1997            0.0            0.0         85.157          0.000
     19/11/1997            0.0            0.0         84.966          0.000
     20/11/1997            0.0            0.0         84.778          0.000
     21/11/1997            0.0            0.0         84.593          0.000
     22/11/1997            0.0            0.0         84.411          0.000
     23/11/1997            0.0            0.0         84.233          0.000
     24/11/1997            0.0            0.0         84.057          0.000
     25/11/1997            0.0            0.0         83.883          0.000
     26/11/1997            0.0            0.0         83.713          0.000
     27/11/1997            0.0            0.0         83.545          0.000
     28/11/1997            0.0            0.0         83.379          0.000
     29/11/1997            0.0            0.0         83.215          0.000
     30/11/1997            0.0            0.0         83.054          0.000
     01/12/1997            0.0            0.0         82.895          0.000
     02/12/1997            0.0            0.0         82.738          0.000
     03/12/1997            0.0            0.0         82.582          0.000
     04/12/1997            0.0            0.0         82.429          0.000
     05/12/1997            0.0            0.0         82.278          0.000
     06/12/1997            0.0            0.0         82.128          0.000
     07/12/1997            0.0            0.0         81.980          0.000
     08/12/1997            0.0            0.0         81.834          0.000
     09/12/1997            0.0            0.0         81.689          0.000
     10/12/1997            0.0            0.0         81.546          0.000
     11/12/1997            0.0            0.0         81.405          0.000
     12/12/1997            0.0            0.0         81.265          0.000
     13/12/1997            0.0            0.0         81.126          0.000
     14/12/1997            0.0            0.0         80.989          0.000
     15/12/1997            0.0            0.0         80.853          0.000
     16/12/1997            0.0            0.0         80.719          0.000
     17/12/1997            0.0            0.0         80.586          0.000
     18/12/1997            0.0            0.0         80.454          0.000
     19/12/1997            0.0            0.0         80.324          0.000
     20/12/1997            0.0            0.0         80.194          0.000
     21/12/1997            0.0            0.0         80.066          0.000
     22/12/1997            0.0            0.0         79.939          0.000
     23/12/1997            0.0            0.0         79.813          0.000
     24/12/1997            0.0            0.0         79.688          0.000
     25/12/1997            0.0            0.0         79.565          0.000
     26/12/1997            0.0            0.0         79.442          0.000
     27/12/1997            0.0            0.0         79.320          0.000
     28/12/1997            0.0            0.0         79.200          0.000
     29/12/1997            0.0            0.0         79.080          0.000
     30/12/1997            0.0            0.0         78.961          0.000
     31/12/1997            0.0            0.0         78.843          0.000
     01/01/1998            0.0            0.0         78.727          0.000
     02/01/1998            0.0            0.0         78.611          0.000
     03/01/1998            0.0            0.0         78.496          0.000
     04/01/1998            0.0            0.0         78.382          0.000
     05/01/1998            0.0            0.0         78.268          0.000
     06/01/1998            0.0            0.0         78.156          0.000
     07/01/1998            0.0            0.0         78.044          0.000
     08/01/1998            0.0            0.0         77.934          0.000
     09/01/1998            0.0            0.0         77.824          0.000
     10/01/1998            0.0            0.0         77.714          0.000
     11/01/1998            0.0            0.0         77.606          0.000
     12/01/1998            0.0            0.0         77.498          0.000
     13/01/1998            0.0            0.0         77.391          0.000
     14/01/1998            0.0            0.0         77.285          0.000
     15/01/1998            0.0            0.0         77.179          0.000
     16/01/1998            0.0            0.0         77.075          0.000
     17/01/1998            0.0            0.0         76.970          0.000
     18/01/1998            0.0            0.0         76.867          0.000
     19/01/1998            0.0            0.0         76.764          0.000
     20/01/1998            0.0            0.0         76.662          0.000
     21/01/1998            0.0            0.0         76.561          0.000
     22/01/1998            0.0            0.0         76.460          0.000
     23/01/1998            0.0            0.0         76.360          0.000
     24/01/1998            0.0            0.0         76.260          0.000
     25/01/1998            0.0            0.0         76.161          0.000
     26/01/1998            0.0            0.0         76.063          0.000
     27/01/1998            0.0            0.0         75.965          0.000
     28/01/1998            0.0            0.0         75.868          0.000
     29/01/1998            0.0            0.0         75.771          0.000
     30/01/1998            0.0            0.0         75.675          0.000
     31/01/1998            0.0            0.0         75.579          0.000
     01/02/1998            0.0            0.0         75.484          0.000
     02/02/1998            0.0            0.0         75.390          0.000
     03/02/1998            0.0            0.0         75.296          0.000
     04/02/1998            0.0            0.0         75.203          0.000
     05/02/1998            0.0            0.0         75.110          0.000
     06/02/1998            0.0            0.0         75.018          0.000
     07/02/1998            0.0            0.0         74.926          0.000
     08/02/1998            0.0            0.0         74.834          0.000
     09/02/1998            0.0            0.0         74.743          0.000
