ApsimVersion = 7.5
Title = GHNY9701_8-97 DATE1 F-MIX
           Date        biomass          yield            esw            lai
   (dd/mm/yyyy)        (kg/ha)        (kg/ha)           (mm)      (m^2/m^2)
     28/05/1997            0.0            0.0         64.433          0.000
     29/05/1997            0.0            0.0         64.168          0.000
     30/05/1997            0.0            0.0         64.029          0.000
     31/05/1997            0.0            0.0         64.014          0.000
     01/06/1997            0.0            0.0         63.996          0.000
     02/06/1997            0.0            0.0         63.974          0.000
     03/06/1997            0.0            0.0         63.948          0.000
     04/06/1997            0.0            0.0         66.621          0.000
     05/06/1997            0.0            0.0         63.985          0.000
     06/06/1997            0.0            0.0         63.967          0.000
     07/06/1997            0.0            0.0         63.946          0.000
     08/06/1997            0.0            0.0         63.921          0.000
     09/06/1997            4.5            0.0         63.893          0.006
     10/06/1997            5.0            0.0         63.846          0.007
     11/06/1997            5.3            0.0         66.836          0.008
     12/06/1997            6.2            0.0         63.855          0.009
     13/06/1997            6.7            0.0        103.491          0.010
     14/06/1997            7.6            0.0        100.144          0.012
     15/06/1997            8.5            0.0         98.023          0.014
     16/06/1997            9.7            0.0        110.069          0.017
     17/06/1997           11.6            0.0        106.149          0.020
     18/06/1997           14.0            0.0        103.634          0.025
     19/06/1997           16.2            0.0        119.085          0.030
     20/06/1997           19.8            0.0        113.936          0.037
     21/06/1997           24.1            0.0        110.464          0.045
     22/06/1997           26.0            0.0        116.141          0.049
     23/06/1997           28.7            0.0        116.071          0.054
     24/06/1997           32.4            0.0        111.214          0.062
     25/06/1997           37.6            0.0        106.681          0.072
     26/06/1997           45.5            0.0        102.719          0.088
     27/06/1997           52.7            0.0         99.715          0.096
     28/06/1997           57.3            0.0        129.005          0.101
     29/06/1997           66.2            0.0        122.427          0.112
     30/06/1997           72.7            0.0        125.004          0.119
     01/07/1997           81.0            0.0        118.610          0.129
     02/07/1997           85.1            0.0        113.735          0.133
     03/07/1997           90.0            0.0        108.892          0.139
     04/07/1997           95.5            0.0        105.102          0.145
     05/07/1997          105.7            0.0        102.089          0.156
     06/07/1997          115.8            0.0         99.662          0.168
     07/07/1997          126.9            0.0         97.601          0.180
     08/07/1997          142.1            0.0         95.720          0.198
     09/07/1997          155.7            0.0         94.134          0.213
     10/07/1997          164.3            0.0        110.750          0.223
     11/07/1997          173.8            0.0        107.458          0.234
     12/07/1997          191.2            0.0        104.795          0.253
     13/07/1997          210.7            0.0        100.636          0.275
     14/07/1997          227.4            0.0        121.099          0.294
     15/07/1997          235.7            1.3        147.436          0.302
     16/07/1997          241.6            2.7        142.074          0.307
     17/07/1997          256.4            4.3        133.406          0.324
     18/07/1997          272.0            6.1        125.671          0.342
     19/07/1997          289.3            8.1        117.865          0.361
     20/07/1997          301.3           10.1        111.744          0.373
     21/07/1997          308.5           12.1        107.149          0.378
     22/07/1997          336.6           15.1        102.740          0.410
     23/07/1997          356.3           18.0        101.198          0.430
     24/07/1997          375.7           21.0         97.262          0.450
     25/07/1997          402.7           24.8         94.466          0.478
     26/07/1997          430.0           28.9         92.455          0.505
     27/07/1997          455.0           33.1         90.812          0.529
     28/07/1997          484.8           38.0         89.269          0.558
     29/07/1997          502.3           42.2         90.982          0.572
     30/07/1997          516.9           46.3        104.419          0.582
     31/07/1997          529.4           50.4        102.925          0.590
     01/08/1997          549.1           55.4        102.078          0.605
     02/08/1997          592.0           63.0         97.680          0.644
     03/08/1997          628.3           70.4         93.194          0.675
     04/08/1997          650.8           76.5         91.299          0.690
     05/08/1997          678.5           83.6        135.630          0.711
     06/08/1997          693.6           89.3        132.115          0.718
     07/08/1997          722.8           97.1        126.512          0.739
     08/08/1997          777.1          108.8        119.084          0.783
     09/08/1997          809.5          117.9        112.599          0.805
     10/08/1997          860.6          130.1        106.432          0.843
     11/08/1997          911.4          142.9        101.227          0.878
     12/08/1997          949.6          154.2         97.833          0.901
     13/08/1997          990.9          166.5         94.950          0.925
     14/08/1997         1031.6          179.1         92.363          0.948
     15/08/1997         1051.5          188.4         93.350          0.953
     16/08/1997         1101.4          203.5         88.141          0.981
     17/08/1997         1136.3          216.4         86.786          0.996
     18/08/1997         1185.9          232.4        135.487          1.020
     19/08/1997         1244.5          250.9        128.698          1.049
     20/08/1997         1298.7          269.1        122.406          1.074
     21/08/1997         1373.3          292.2        131.640          1.112
     22/08/1997         1413.2          308.6        124.475          1.126
     23/08/1997         1429.3          320.2        119.501          1.124
     24/08/1997         1478.5          339.5        112.571          1.143
     25/08/1997         1549.1          364.3        117.545          1.175
     26/08/1997         1597.1          384.6        111.548          1.192
     27/08/1997         1653.5          407.4        113.078          1.214
     28/08/1997         1683.2          424.2        108.860          1.218
     29/08/1997         1765.9          454.9        114.609          1.255
     30/08/1997         1774.8          467.1        109.285          1.252
     31/08/1997         1783.6          479.4        104.271          1.250
     01/09/1997         1791.7          491.7         98.741          1.247
     02/09/1997         1791.7          491.7         94.485          1.244
     03/09/1997         1791.7          491.7         93.631          0.000
     04/09/1997            0.0            0.0         96.466          0.000
     05/09/1997            0.0            0.0        112.400          0.000
     06/09/1997            0.0            0.0        109.422          0.000
     07/09/1997            0.0            0.0        105.995          0.000
     08/09/1997            0.0            0.0        125.175          0.000
     09/09/1997            0.0            0.0        137.015          0.000
     10/09/1997            0.0            0.0        134.394          0.000
     11/09/1997            0.0            0.0        127.862          0.000
     12/09/1997            0.0            0.0        120.890          0.000
     13/09/1997            0.0            0.0        144.961          0.000
     14/09/1997            0.0            0.0        137.086          0.000
     15/09/1997            0.0            0.0        134.703          0.000
     16/09/1997            0.0            0.0        126.203          0.000
     17/09/1997            0.0            0.0        133.250          0.000
     18/09/1997            0.0            0.0        141.904          0.000
     19/09/1997            0.0            0.0        133.458          0.000
     20/09/1997            0.0            0.0        126.515          0.000
     21/09/1997            0.0            0.0        119.764          0.000
     22/09/1997            0.0            0.0        134.106          0.000
     23/09/1997            0.0            0.0        128.328          0.000
     24/09/1997            0.0            0.0        124.891          0.000
     25/09/1997            0.0            0.0        119.041          0.000
     26/09/1997            0.0            0.0        113.142          0.000
     27/09/1997            0.0            0.0        149.616          0.000
     28/09/1997            0.0            0.0        139.471          0.000
     29/09/1997            0.0            0.0        131.965          0.000
     30/09/1997            0.0            0.0        124.462          0.000
     01/10/1997            0.0            0.0        117.875          0.000
     02/10/1997            0.0            0.0        128.213          0.000
     03/10/1997            0.0            0.0        121.854          0.000
     04/10/1997            0.0            0.0        115.848          0.000
     05/10/1997            0.0            0.0        144.464          0.000
     06/10/1997            0.0            0.0        145.299          0.000
     07/10/1997            0.0            0.0        136.679          0.000
     08/10/1997            0.0            0.0        130.939          0.000
     09/10/1997            0.0            0.0        123.695          0.000
     10/10/1997            0.0            0.0        117.482          0.000
     11/10/1997            0.0            0.0        112.091          0.000
     12/10/1997            0.0            0.0        107.490          0.000
     13/10/1997            0.0            0.0        103.636          0.000
     14/10/1997            0.0            0.0        100.836          0.000
     15/10/1997            0.0            0.0        112.167          0.000
     16/10/1997            0.0            0.0        106.703          0.000
     17/10/1997            0.0            0.0        103.505          0.000
     18/10/1997            0.0            0.0        119.222          0.000
     19/10/1997            0.0            0.0        114.951          0.000
     20/10/1997            0.0            0.0        111.607          0.000
     21/10/1997            0.0            0.0        107.723          0.000
     22/10/1997            0.0            0.0        104.706          0.000
     23/10/1997            0.0            0.0        102.044          0.000
     24/10/1997            0.0            0.0        106.777          0.000
     25/10/1997            0.0            0.0        101.820          0.000
     26/10/1997            0.0            0.0        103.121          0.000
     27/10/1997            0.0            0.0         99.440          0.000
     28/10/1997            0.0            0.0         97.511          0.000
     29/10/1997            0.0            0.0         95.815          0.000
     30/10/1997            0.0            0.0         95.002          0.000
     31/10/1997            0.0            0.0         94.295          0.000
     01/11/1997            0.0            0.0         93.680          0.000
     02/11/1997            0.0            0.0         93.142          0.000
     03/11/1997            0.0            0.0         92.665          0.000
     04/11/1997            0.0            0.0         92.241          0.000
     05/11/1997            0.0            0.0         91.862          0.000
     06/11/1997            0.0            0.0         91.519          0.000
     07/11/1997            0.0            0.0         91.203          0.000
     08/11/1997            0.0            0.0         90.908          0.000
     09/11/1997            0.0            0.0         90.630          0.000
     10/11/1997            0.0            0.0         90.365          0.000
     11/11/1997            0.0            0.0         90.110          0.000
     12/11/1997            0.0            0.0         89.863          0.000
     13/11/1997            0.0            0.0         89.623          0.000
     14/11/1997            0.0            0.0         89.390          0.000
     15/11/1997            0.0            0.0         89.162          0.000
     16/11/1997            0.0            0.0         88.938          0.000
     17/11/1997            0.0            0.0         88.719          0.000
     18/11/1997            0.0            0.0         88.504          0.000
     19/11/1997            0.0            0.0         88.293          0.000
     20/11/1997            0.0            0.0         88.085          0.000
     21/11/1997            0.0            0.0         87.881          0.000
     22/11/1997            0.0            0.0         87.679          0.000
     23/11/1997            0.0            0.0         87.481          0.000
     24/11/1997            0.0            0.0         87.286          0.000
     25/11/1997            0.0            0.0         87.093          0.000
     26/11/1997            0.0            0.0         86.903          0.000
     27/11/1997            0.0            0.0         86.716          0.000
     28/11/1997            0.0            0.0         86.531          0.000
     29/11/1997            0.0            0.0         86.349          0.000
     30/11/1997            0.0            0.0         86.168          0.000
     01/12/1997            0.0            0.0         85.990          0.000
     02/12/1997            0.0            0.0         85.815          0.000
     03/12/1997            0.0            0.0         85.641          0.000
     04/12/1997            0.0            0.0         85.469          0.000
     05/12/1997            0.0            0.0         85.299          0.000
     06/12/1997            0.0            0.0         85.131          0.000
     07/12/1997            0.0            0.0         84.965          0.000
     08/12/1997            0.0            0.0         84.800          0.000
     09/12/1997            0.0            0.0         84.638          0.000
     10/12/1997            0.0            0.0         84.477          0.000
     11/12/1997            0.0            0.0         84.317          0.000
     12/12/1997            0.0            0.0         84.159          0.000
     13/12/1997            0.0            0.0         84.003          0.000
     14/12/1997            0.0            0.0         83.848          0.000
     15/12/1997            0.0            0.0         83.695          0.000
