ApsimVersion = 7.5
Title = GHNY9701_7-97 DATE1 CHINESE
           Date        biomass          yield            esw            lai
   (dd/mm/yyyy)        (kg/ha)        (kg/ha)           (mm)      (m^2/m^2)
     28/05/1997            0.0            0.0         64.433          0.000
     29/05/1997            0.0            0.0         64.168          0.000
     30/05/1997            0.0            0.0         64.029          0.000
     31/05/1997            0.0            0.0         64.014          0.000
     01/06/1997            0.0            0.0         63.996          0.000
     02/06/1997            0.0            0.0         63.974          0.000
     03/06/1997            0.0            0.0         63.948          0.000
     04/06/1997            0.0            0.0         66.621          0.000
     05/06/1997            0.0            0.0         63.985          0.000
     06/06/1997            0.0            0.0         63.967          0.000
     07/06/1997            0.0            0.0         63.946          0.000
     08/06/1997            0.0            0.0         63.921          0.000
     09/06/1997            4.5            0.0         63.893          0.006
     10/06/1997            5.0            0.0         63.846          0.007
     11/06/1997            5.3            0.0         66.836          0.008
     12/06/1997            6.2            0.0         63.855          0.009
     13/06/1997            6.7            0.0        103.491          0.010
     14/06/1997            7.6            0.0        100.144          0.012
     15/06/1997            8.5            0.0         98.023          0.014
     16/06/1997            9.7            0.0        110.069          0.017
     17/06/1997           11.6            0.0        106.149          0.020
     18/06/1997           14.0            0.0        103.634          0.025
     19/06/1997           16.2            0.0        119.085          0.030
     20/06/1997           19.8            0.0        113.936          0.037
     21/06/1997           24.1            0.0        110.464          0.045
     22/06/1997           26.0            0.0        116.143          0.049
     23/06/1997           28.6            0.0        116.074          0.054
     24/06/1997           32.2            0.0        111.217          0.061
     25/06/1997           37.2            0.0        106.688          0.071
     26/06/1997           44.8            0.0        102.737          0.086
     27/06/1997           51.5            0.0         99.743          0.099
     28/06/1997           55.6            0.0        129.060          0.107
     29/06/1997           63.4            0.0        122.515          0.122
     30/06/1997           69.0            0.0        125.130          0.133
     01/07/1997           76.1            0.0        118.758          0.146
     02/07/1997           79.5            0.0        113.908          0.153
     03/07/1997           83.7            0.0        109.047          0.161
     04/07/1997           88.4            0.0        105.223          0.169
     05/07/1997           97.2            0.0        102.208          0.186
     06/07/1997          105.9            0.0         99.796          0.202
     07/07/1997          115.3            0.0         97.750          0.212
     08/07/1997          128.9            0.0         95.890          0.227
     09/07/1997          141.5            0.0         94.313          0.241
     10/07/1997          149.6            0.0        110.969          0.249
     11/07/1997          158.6            0.0        107.708          0.259
     12/07/1997          175.3            0.0        105.036          0.277
     13/07/1997          194.0            0.0        100.797          0.297
     14/07/1997          210.1            0.0        121.333          0.314
     15/07/1997          219.5            0.0        147.768          0.324
     16/07/1997          226.7            0.0        142.347          0.332
     17/07/1997          243.6            0.0        133.636          0.350
     18/07/1997          262.0            0.0        125.816          0.369
     19/07/1997          282.5            0.0        117.875          0.391
     20/07/1997          297.0            0.0        111.694          0.406
     21/07/1997          306.2            0.0        107.094          0.416
     22/07/1997          338.8            0.0        102.614          0.450
     23/07/1997          362.4            0.0        101.085          0.474
     24/07/1997          385.7            0.0         97.181          0.498
     25/07/1997          413.6            2.3         94.198          0.529
     26/07/1997          441.1            4.9         92.230          0.558
     27/07/1997          465.5            7.8         90.643          0.583
     28/07/1997          494.4           11.1         89.170          0.613
     29/07/1997          511.2           14.3         90.955          0.627
     30/07/1997          525.0           17.6        104.472          0.638
     31/07/1997          536.7           21.0        103.036          0.647
     01/08/1997          555.3           24.9        102.269          0.662
     02/08/1997          596.0           30.0         97.977          0.701
     03/08/1997          631.0           35.3         93.679          0.733
     04/08/1997          652.9           40.2         91.614          0.749
     05/08/1997          680.0           45.7        136.131          0.771
     06/08/1997          694.9           50.6        132.600          0.779
     07/08/1997          723.7           56.7        127.019          0.801
     08/08/1997          777.5           65.3        119.583          0.848
     09/08/1997          810.2           72.6        113.118          0.872
     10/08/1997          862.3           82.1        106.717          0.912
     11/08/1997          914.7           92.2        101.462          0.949
     12/08/1997          954.6          101.6         98.007          0.974
     13/08/1997          997.9          111.8         95.070          1.000
     14/08/1997         1040.7          122.4         92.430          1.025
     15/08/1997         1061.7          130.8         93.414          1.032
     16/08/1997         1113.9          143.5         88.142          1.063
     17/08/1997         1150.7          154.7         86.765          1.081
     18/08/1997         1202.9          168.4        135.701          1.110
     19/08/1997         1264.9          184.2        128.931          1.146
     20/08/1997         1323.0          200.0        122.544          1.178
     21/08/1997         1403.1          220.0        131.810          1.224
     22/08/1997         1446.8          235.0        124.629          1.244
     23/08/1997         1464.5          246.0        119.616          1.244
     24/08/1997         1516.9          263.3        113.367          1.268
     25/08/1997         1592.4          285.4        118.382          1.308
     26/08/1997         1644.2          303.9        112.388          1.330
     27/08/1997         1705.0          324.6        113.908          1.358
     28/08/1997         1737.1          340.5        109.643          1.365
     29/08/1997         1825.2          368.0        115.400          1.410
     30/08/1997         1902.9          394.3        110.069          1.446
     31/08/1997         1983.9          422.2        104.543          1.484
     01/09/1997         2050.4          447.8         99.021          1.511
     02/09/1997         2116.4          474.1         94.834          1.537
     03/09/1997         2156.1          495.0         93.259          1.545
     04/09/1997         2200.7          517.6         96.376          1.556
     05/09/1997         2281.7          549.4        111.615          1.589
     06/09/1997         2340.3          576.6        107.984          1.607
     07/09/1997         2416.1          608.9        103.797          1.635
     08/09/1997         2522.7          649.8        123.026          1.681
     09/09/1997         2573.5          677.3        136.034          1.691
     10/09/1997         2643.9          710.7        133.723          1.714
     11/09/1997         2712.1          744.2        127.665          1.734
     12/09/1997         2808.6          786.4        118.988          1.770
     13/09/1997         2909.5          831.0        141.828          1.808
     14/09/1997         2985.8          869.5        133.630          1.829
     15/09/1997         3084.4          915.4        131.075          1.863
     16/09/1997         3178.5          961.2        121.500          1.893
     17/09/1997         3279.5         1010.1        128.845          1.925
     18/09/1997         3318.2         1040.6        139.882          1.923
     19/09/1997         3394.6         1083.5        132.389          1.938
     20/09/1997         3462.0         1124.4        124.770          1.948
     21/09/1997         3581.4         1183.3        113.955          1.984
     22/09/1997         3676.2         1235.2        128.668          2.006
     23/09/1997         3706.5         1266.2        124.237          2.001
     24/09/1997         3799.9         1319.3        120.942          2.020
     25/09/1997         3839.0         1354.4        116.532          2.015
     26/09/1997         3843.8         1377.6        108.947          2.010
     27/09/1997         3857.0         1403.9        144.186          2.005
     28/09/1997         3870.2         1430.4        131.615          2.000
     29/09/1997         3880.5         1456.0        124.706          1.996
     30/09/1997         3880.5         1456.0        115.325          1.990
     01/10/1997         3880.5         1456.0        110.246          0.000
     02/10/1997            0.0            0.0        122.991          0.000
     03/10/1997            0.0            0.0        118.254          0.000
     04/10/1997            0.0            0.0        113.251          0.000
     05/10/1997            0.0            0.0        143.720          0.000
     06/10/1997            0.0            0.0        145.454          0.000
     07/10/1997            0.0            0.0        137.105          0.000
     08/10/1997            0.0            0.0        131.649          0.000
     09/10/1997            0.0            0.0        124.048          0.000
     10/10/1997            0.0            0.0        117.757          0.000
     11/10/1997            0.0            0.0        112.318          0.000
     12/10/1997            0.0            0.0        107.681          0.000
     13/10/1997            0.0            0.0        103.797          0.000
     14/10/1997            0.0            0.0        100.899          0.000
     15/10/1997            0.0            0.0        112.755          0.000
     16/10/1997            0.0            0.0        107.415          0.000
     17/10/1997            0.0            0.0        103.934          0.000
     18/10/1997            0.0            0.0        119.989          0.000
     19/10/1997            0.0            0.0        115.962          0.000
     20/10/1997            0.0            0.0        112.518          0.000
     21/10/1997            0.0            0.0        108.316          0.000
     22/10/1997            0.0            0.0        105.141          0.000
     23/10/1997            0.0            0.0        102.396          0.000
     24/10/1997            0.0            0.0        107.528          0.000
     25/10/1997            0.0            0.0        102.036          0.000
     26/10/1997            0.0            0.0        103.796          0.000
     27/10/1997            0.0            0.0         99.515          0.000
     28/10/1997            0.0            0.0         98.040          0.000
     29/10/1997            0.0            0.0         96.158          0.000
     30/10/1997            0.0            0.0         95.110          0.000
     31/10/1997            0.0            0.0         94.389          0.000
     01/11/1997            0.0            0.0         93.762          0.000
     02/11/1997            0.0            0.0         93.214          0.000
     03/11/1997            0.0            0.0         92.731          0.000
     04/11/1997            0.0            0.0         92.299          0.000
     05/11/1997            0.0            0.0         91.914          0.000
     06/11/1997            0.0            0.0         91.566          0.000
     07/11/1997            0.0            0.0         91.247          0.000
     08/11/1997            0.0            0.0         90.950          0.000
     09/11/1997            0.0            0.0         90.669          0.000
     10/11/1997            0.0            0.0         90.402          0.000
     11/11/1997            0.0            0.0         90.146          0.000
     12/11/1997            0.0            0.0         89.898          0.000
     13/11/1997            0.0            0.0         89.658          0.000
     14/11/1997            0.0            0.0         89.423          0.000
     15/11/1997            0.0            0.0         89.194          0.000
     16/11/1997            0.0            0.0         88.970          0.000
     17/11/1997            0.0            0.0         88.751          0.000
     18/11/1997            0.0            0.0         88.535          0.000
     19/11/1997            0.0            0.0         88.323          0.000
     20/11/1997            0.0            0.0         88.115          0.000
     21/11/1997            0.0            0.0         87.910          0.000
     22/11/1997            0.0            0.0         87.708          0.000
     23/11/1997            0.0            0.0         87.509          0.000
     24/11/1997            0.0            0.0         87.314          0.000
     25/11/1997            0.0            0.0         87.121          0.000
     26/11/1997            0.0            0.0         86.931          0.000
     27/11/1997            0.0            0.0         86.743          0.000
     28/11/1997            0.0            0.0         86.558          0.000
     29/11/1997            0.0            0.0         86.375          0.000
     30/11/1997            0.0            0.0         86.194          0.000
     01/12/1997            0.0            0.0         86.016          0.000
     02/12/1997            0.0            0.0         85.840          0.000
     03/12/1997            0.0            0.0         85.665          0.000
     04/12/1997            0.0            0.0         85.493          0.000
     05/12/1997            0.0            0.0         85.323          0.000
     06/12/1997            0.0            0.0         85.155          0.000
     07/12/1997            0.0            0.0         84.988          0.000
     08/12/1997            0.0            0.0         84.824          0.000
     09/12/1997            0.0            0.0         84.661          0.000
     10/12/1997            0.0            0.0         84.499          0.000
     11/12/1997            0.0            0.0         84.340          0.000
     12/12/1997            0.0            0.0         84.182          0.000
     13/12/1997            0.0            0.0         84.025          0.000
     14/12/1997            0.0            0.0         83.870          0.000
     15/12/1997            0.0            0.0         83.717          0.000
